Constructing new git repo in temp folder... :: Thu Nov  1 10:03:51 NZDT 2018
‾‾‾‾‾‾‾‾‾‾‾‾‾‾‾‾‾‾‾‾‾‾‾‾‾‾‾‾‾‾‾‾‾‾‾‾‾‾‾‾‾‾‾‾‾‾‾‾‾‾‾‾‾‾‾‾‾‾‾‾‾‾‾‾‾‾‾‾‾‾‾‾‾‾‾‾
Running: $HOME/scripts/rs -nc
        -nogit
        -noswap
        $HOME/source/git/mullikine/codelingo/tenets/codelingo/k8/well-named-lock/
        /tmp/td_wdUfYg0k/temp_repo
/usr/bin/rsync  -a -rtlhx -pug -s  --inplace --append   --exclude .cache  --exclude .git/ --exclude .gitignore --exclude TODO  --exclude '*~' --exclude '.#*'  $HOME/source/git/mullikine/codelingo/tenets/codelingo/k8/well-named-lock/ /tmp/td_wdUfYg0k/temp_repo
‾‾‾‾‾‾‾‾‾‾‾‾‾‾‾‾‾‾‾‾‾‾‾‾‾‾‾‾‾‾‾‾‾‾‾‾‾‾‾‾‾‾‾‾‾‾‾‾‾‾‾‾‾‾‾‾‾‾‾‾‾‾‾‾‾‾‾‾‾‾‾‾‾‾‾‾‾‾‾‾‾‾‾‾‾‾‾‾‾‾‾‾‾‾‾‾‾‾‾‾‾‾‾‾‾‾‾‾‾‾‾‾‾‾‾‾‾‾‾‾‾‾‾‾‾‾‾‾‾‾‾‾‾‾‾‾‾‾‾‾‾‾‾‾‾‾‾‾‾‾‾‾‾‾‾‾‾‾‾‾‾‾‾‾‾‾‾‾‾‾‾‾‾‾‾‾‾‾‾‾‾‾‾‾‾‾‾‾‾‾‾‾‾‾‾‾‾‾‾‾‾‾‾‾‾‾‾‾‾‾‾‾‾‾‾‾‾‾‾‾‾‾‾‾‾‾‾‾‾‾‾‾‾‾‾‾‾‾‾‾‾‾‾‾‾‾‾‾‾‾‾‾‾‾‾‾‾‾‾
Syncing your repo...
Running review flow...
Done! No issues found.
review finished
Reformulate?
: y
: r
[master ceebf83] edit
 1 file changed, 8 insertions(+), 9 deletions(-)
diff --git a/codelingo.yaml b/codelingo.yaml
index 3aba859..a1e6a00 100644
--- a/codelingo.yaml
+++ b/codelingo.yaml
@@ -27,12 +27,11 @@ tenets:
                         name == "sync"
                       go.ident:
                         name == "Mutex"
-                  exclude:
-                    go.field:
-                      go.names:
-                        go.ident
-                      go.selector_expr:
-                        go.ident:
-                          name == "sync"
-                        go.ident:
-                          name == "Mutex"
\ No newline at end of file
+                  go.field:
+                    go.names:
+                      go.ident
+                    go.selector_expr:
+                      go.ident:
+                        name == "sync"
+                      go.ident:
+                        name == "Mutex"
\ No newline at end of file
HEAD: ceebf834af1d092186b38cbd46d8d136e40c854c
Syncing your repo...
Running review flow...
example.go:14:7
    There are no other locks besides 'lockA' here. Rename 'lockA' to 'lock'.
    ...
    type MockAddresses struct {
  +     lockA sync.Mutex
        lockB sync.Mutex
    }
    ...
[o]pen [k]eep [d]iscard : k
Done! 1 issues found.
: y
: r
[master 60a42df] edit
 1 file changed, 10 insertions(+), 8 deletions(-)
diff --git a/codelingo.yaml b/codelingo.yaml
index a1e6a00..36329fd 100644
--- a/codelingo.yaml
+++ b/codelingo.yaml
@@ -27,11 +27,13 @@ tenets:
                         name == "sync"
                       go.ident:
                         name == "Mutex"
-                  go.field:
-                    go.names:
-                      go.ident
-                    go.selector_expr:
-                      go.ident:
-                        name == "sync"
-                      go.ident:
-                        name == "Mutex"
\ No newline at end of file
+                  exclude:
+                    go.field:
+                      go.names:
+                        go.ident
+                        name != lockname
+                      go.selector_expr:
+                        go.ident:
+                          name == "sync"
+                        go.ident:
+                          name == "Mutex"
\ No newline at end of file
HEAD: 60a42df4b14ac9f6f3dbbb8fe6e228b9456086c0
Syncing your repo...
Running review flow...
Done! No issues found.
