Constructing new git repo in temp folder... :: Thu Nov  1 13:50:32 NZDT 2018
‾‾‾‾‾‾‾‾‾‾‾‾‾‾‾‾‾‾‾‾‾‾‾‾‾‾‾‾‾‾‾‾‾‾‾‾‾‾‾‾‾‾‾‾‾‾‾‾‾‾‾‾‾‾‾‾‾‾‾‾‾‾‾‾‾‾‾‾‾‾‾‾‾‾‾‾
Running: $HOME/scripts/rs -nc
        -nogit
        -noswap
        $HOME/source/git/mullikine/codelingo/tenets/codelingo/k8/looped-vars-outside/
        /tmp/td_looped-vars-outsiderE0A5A
/usr/bin/rsync  -a -rtlhx -pug -s  --inplace --append   --exclude .cache  --exclude .git/ --exclude .gitignore --exclude TODO  --exclude '*~' --exclude '.#*'  $HOME/source/git/mullikine/codelingo/tenets/codelingo/k8/looped-vars-outside/ /tmp/td_looped-vars-outsiderE0A5A
‾‾‾‾‾‾‾‾‾‾‾‾‾‾‾‾‾‾‾‾‾‾‾‾‾‾‾‾‾‾‾‾‾‾‾‾‾‾‾‾‾‾‾‾‾‾‾‾‾‾‾‾‾‾‾‾‾‾‾‾‾‾‾‾‾‾‾‾‾‾‾‾‾‾‾‾‾‾‾‾‾‾‾‾‾‾‾‾‾‾‾‾‾‾‾‾‾‾‾‾‾‾‾‾‾‾‾‾‾‾‾‾‾‾‾‾‾‾‾‾‾‾‾‾‾‾‾‾‾‾‾‾‾‾‾‾‾‾‾‾‾‾‾‾‾‾‾‾‾‾‾‾‾‾‾‾‾‾‾‾‾‾‾‾‾‾‾‾‾‾‾‾‾‾‾‾‾‾‾‾‾‾‾‾‾‾‾‾‾‾‾‾‾‾‾‾‾‾‾‾‾‾‾‾‾‾‾‾‾‾‾‾‾‾‾‾‾‾‾‾‾‾‾‾‾‾‾‾‾‾‾‾‾‾‾‾‾‾‾‾‾‾‾‾‾‾‾‾‾‾‾‾‾‾‾‾‾‾‾‾‾‾‾‾‾‾‾‾‾‾
/tmp/td_looped-vars-outsiderE0A5A
working_dir (initial): /tmp/td_looped-vars-outsiderE0A5A
Syncing your repo...
Running review flow...
Sorry, an error occurred while processing your request. Please try again.
<Check slack error>
exit status 1
review finished
Reformulate?
working_dir (loop): /tmp/td_looped-vars-outsiderE0A5A
: B
working_dir: /tmp/td_looped-vars-outsiderE0A5A
Continue?
